INFO  Using log config file: jar:file:/C:/Users/Demon/Tools/ghidra/ghidra_12.0.4_PUBLIC/Ghidra/Framework/Generic/lib/Generic.jar!/generic.log4j.xml (LoggingInitialization)  
INFO  Using log file: C:\Users\Demon\AppData\Roaming\ghidra\ghidra_12.0.4_PUBLIC\application.log (LoggingInitialization)  
INFO  Loading user preferences: C:\Users\Demon\AppData\Roaming\ghidra\ghidra_12.0.4_PUBLIC\preferences (Preferences)  
INFO  Searching for classes... (ClassSearcher)  
INFO  Class search complete (8206 ms) (ClassSearcher)  
INFO  Initializing SSL Context (DefaultSSLContextInitializer)  
INFO  Initializing Random Number Generator... (SecureRandomFactory)  
INFO  Random Number Generator initialization complete: SHA1PRNG (SecureRandomFactory)  
INFO  Trust manager disabled, cacerts have not been set (DefaultTrustManagerFactory)  
INFO  Headless startup complete (41002 ms) (AnalyzeHeadless)  
INFO  Class searcher loaded 58 extension points (18 false positives) (ClassSearcher)  
INFO  HEADLESS Script Paths:
    C:\Users\Demon\Documents\New project\ghidra-scripts
    C:\Users\Demon\Tools\ghidra\ghidra_12.0.4_PUBLIC\Ghidra\Processors\JVM\ghidra_scripts
    C:\Users\Demon\Tools\ghidra\ghidra_12.0.4_PUBLIC\Ghidra\Features\Base\ghidra_scripts
    C:\Users\Demon\Tools\ghidra\ghidra_12.0.4_PUBLIC\Ghidra\Features\SystemEmulation\ghidra_scripts
    C:\Users\Demon\Tools\ghidra\ghidra_12.0.4_PUBLIC\Ghidra\Features\BSim\ghidra_scripts
    C:\Users\Demon\Tools\ghidra\ghidra_12.0.4_PUBLIC\Ghidra\Features\SwiftDemangler\ghidra_scripts
    C:\Users\Demon\Tools\ghidra\ghidra_12.0.4_PUBLIC\Ghidra\Features\VersionTracking\ghidra_scripts
    C:\Users\Demon\Tools\ghidra\ghidra_12.0.4_PUBLIC\Ghidra\Processors\PIC\ghidra_scripts
    C:\Users\Demon\Tools\ghidra\ghidra_12.0.4_PUBLIC\Ghidra\Features\GnuDemangler\ghidra_scripts
    C:\Users\Demon\Tools\ghidra\ghidra_12.0.4_PUBLIC\Ghidra\Features\FileFormats\ghidra_scripts
    C:\Users\Demon\Tools\ghidra\ghidra_12.0.4_PUBLIC\Ghidra\Features\FunctionID\ghidra_scripts
    C:\Users\Demon\Tools\ghidra\ghidra_12.0.4_PUBLIC\Ghidra\Processors\8051\ghidra_scripts
    C:\Users\Demon\Tools\ghidra\ghidra_12.0.4_PUBLIC\Ghidra\Features\PyGhidra\ghidra_scripts
    C:\Users\Demon\Tools\ghidra\ghidra_12.0.4_PUBLIC\Ghidra\Features\WildcardAssembler\ghidra_scripts
    C:\Users\Demon\Tools\ghidra\ghidra_12.0.4_PUBLIC\Ghidra\Debug\Debugger-rmi-trace\ghidra_scripts
    C:\Users\Demon\Tools\ghidra\ghidra_12.0.4_PUBLIC\Ghidra\Features\BytePatterns\ghidra_scripts
    C:\Users\Demon\Tools\ghidra\ghidra_12.0.4_PUBLIC\Ghidra\Processors\DATA\ghidra_scripts
    C:\Users\Demon\Tools\ghidra\ghidra_12.0.4_PUBLIC\Ghidra\Features\Decompiler\ghidra_scripts
    C:\Users\Demon\Tools\ghidra\ghidra_12.0.4_PUBLIC\Ghidra\Features\MicrosoftCodeAnalyzer\ghidra_scripts
    C:\Users\Demon\Tools\ghidra\ghidra_12.0.4_PUBLIC\Ghidra\Features\DecompilerDependent\ghidra_scripts
    C:\Users\Demon\Tools\ghidra\ghidra_12.0.4_PUBLIC\Ghidra\Features\Jython\ghidra_scripts
    C:\Users\Demon\Tools\ghidra\ghidra_12.0.4_PUBLIC\Ghidra\Debug\Debugger\ghidra_scripts
    C:\Users\Demon\Tools\ghidra\ghidra_12.0.4_PUBLIC\Ghidra\Features\PDB\ghidra_scripts
    C:\Users\Demon\Tools\ghidra\ghidra_12.0.4_PUBLIC\Ghidra\Processors\Atmel\ghidra_scripts (HeadlessAnalyzer)  
INFO  HEADLESS: execution starts (HeadlessAnalyzer)  
INFO  Opening existing project: C:\Users\Demon\Documents\New project\ghidra-projects\OpenNXT946Scratch2\OpenNXT946Scratch2 (HeadlessAnalyzer)  
INFO  Opening project: C:\Users\Demon\Documents\New project\ghidra-projects\OpenNXT946Scratch2\OpenNXT946Scratch2 (HeadlessProject)  
INFO  REPORT: Processing project file: /rs2client.exe (HeadlessAnalyzer)  
INFO  REPORT: Execute script: ExportParserFields.java 'C:\Users\Demon\Documents\New project\OpenNXT\data\prot\946\generated\phase4\parserFields\IF_SETRETEX.json' '140107c40' 'IF_SETRETEX'  (HeadlessAnalyzer)  
INFO  SCRIPT: C:\Users\Demon\Documents\New project\ghidra-scripts\ExportParserFields.java (HeadlessAnalyzer)  
INFO  Resolving parser function for 140107c40 (GhidraScript)  
INFO  Resolved function: FUN_140107c40 @ 140107c40 (GhidraScript)  
INFO  Starting bounded decompile attempt for FUN_140107c40 @ 140107c40 (GhidraScript)  
INFO  Decompile completed for FUN_140107c40 @ 140107c40 (GhidraScript)  
INFO  Decompiler C length: 1472 (GhidraScript)  
INFO  Detecting buffer parameter (GhidraScript)  
INFO  Splitting decompiled statements (GhidraScript)  
INFO  Split 34 decompiled statements (GhidraScript)  
INFO  Detecting buffer variables (GhidraScript)  
INFO  Detecting cursor offsets (GhidraScript)  
INFO  Detecting byte loads (GhidraScript)  
INFO  Detecting string parser fields (GhidraScript)  
INFO  Detecting numeric parser fields (GhidraScript)  
INFO  Detecting sender fields (GhidraScript)  
INFO  Entering p-code fallback for FUN_140107c40 @ 140107c40 (GhidraScript)  
INFO  Instruction fallback recovered 1 field candidate(s) (GhidraScript)  
INFO  Wrote parser field export to C:\Users\Demon\Documents\New project\OpenNXT\data\prot\946\generated\phase4\parserFields\IF_SETRETEX.json (GhidraScript)  
INFO  Function: FUN_140107c40 @ 140107c40 (GhidraScript)  
INFO  Recovery mode: pcode-fallback (GhidraScript)  
INFO  Detected buffer param: instruction-parser-state (GhidraScript)  
INFO  Recovered field candidates: 1 (GhidraScript)  
INFO  REPORT: Save succeeded for processed file: /rs2client.exe (HeadlessAnalyzer)  
