INFO  Using log config file: jar:file:/C:/Users/Demon/Tools/ghidra/ghidra_12.0.4_PUBLIC/Ghidra/Framework/Generic/lib/Generic.jar!/generic.log4j.xml (LoggingInitialization)  
INFO  Using log file: C:\Users\Demon\AppData\Roaming\ghidra\ghidra_12.0.4_PUBLIC\application.log (LoggingInitialization)  
INFO  Loading user preferences: C:\Users\Demon\AppData\Roaming\ghidra\ghidra_12.0.4_PUBLIC\preferences (Preferences)  
INFO  Searching for classes... (ClassSearcher)  
INFO  Class search complete (629 ms) (ClassSearcher)  
INFO  Initializing SSL Context (DefaultSSLContextInitializer)  
INFO  Initializing Random Number Generator... (SecureRandomFactory)  
INFO  Random Number Generator initialization complete: SHA1PRNG (SecureRandomFactory)  
INFO  Trust manager disabled, cacerts have not been set (DefaultTrustManagerFactory)  
INFO  Headless startup complete (1861 ms) (AnalyzeHeadless)  
INFO  Class searcher loaded 58 extension points (18 false positives) (ClassSearcher)  
INFO  HEADLESS Script Paths:
    C:\Users\Demon\Documents\New project\ghidra-scripts
    C:\Users\Demon\Tools\ghidra\ghidra_12.0.4_PUBLIC\Ghidra\Processors\JVM\ghidra_scripts
    C:\Users\Demon\Tools\ghidra\ghidra_12.0.4_PUBLIC\Ghidra\Features\Base\ghidra_scripts
    C:\Users\Demon\Tools\ghidra\ghidra_12.0.4_PUBLIC\Ghidra\Features\SystemEmulation\ghidra_scripts
    C:\Users\Demon\Tools\ghidra\ghidra_12.0.4_PUBLIC\Ghidra\Features\BSim\ghidra_scripts
    C:\Users\Demon\Tools\ghidra\ghidra_12.0.4_PUBLIC\Ghidra\Features\SwiftDemangler\ghidra_scripts
    C:\Users\Demon\Tools\ghidra\ghidra_12.0.4_PUBLIC\Ghidra\Features\VersionTracking\ghidra_scripts
    C:\Users\Demon\Tools\ghidra\ghidra_12.0.4_PUBLIC\Ghidra\Processors\PIC\ghidra_scripts
    C:\Users\Demon\Tools\ghidra\ghidra_12.0.4_PUBLIC\Ghidra\Features\GnuDemangler\ghidra_scripts
    C:\Users\Demon\Tools\ghidra\ghidra_12.0.4_PUBLIC\Ghidra\Features\FileFormats\ghidra_scripts
    C:\Users\Demon\Tools\ghidra\ghidra_12.0.4_PUBLIC\Ghidra\Features\FunctionID\ghidra_scripts
    C:\Users\Demon\Tools\ghidra\ghidra_12.0.4_PUBLIC\Ghidra\Processors\8051\ghidra_scripts
    C:\Users\Demon\Tools\ghidra\ghidra_12.0.4_PUBLIC\Ghidra\Features\PyGhidra\ghidra_scripts
    C:\Users\Demon\Tools\ghidra\ghidra_12.0.4_PUBLIC\Ghidra\Features\WildcardAssembler\ghidra_scripts
    C:\Users\Demon\Tools\ghidra\ghidra_12.0.4_PUBLIC\Ghidra\Debug\Debugger-rmi-trace\ghidra_scripts
    C:\Users\Demon\Tools\ghidra\ghidra_12.0.4_PUBLIC\Ghidra\Features\BytePatterns\ghidra_scripts
    C:\Users\Demon\Tools\ghidra\ghidra_12.0.4_PUBLIC\Ghidra\Processors\DATA\ghidra_scripts
    C:\Users\Demon\Tools\ghidra\ghidra_12.0.4_PUBLIC\Ghidra\Features\Decompiler\ghidra_scripts
    C:\Users\Demon\Tools\ghidra\ghidra_12.0.4_PUBLIC\Ghidra\Features\MicrosoftCodeAnalyzer\ghidra_scripts
    C:\Users\Demon\Tools\ghidra\ghidra_12.0.4_PUBLIC\Ghidra\Features\DecompilerDependent\ghidra_scripts
    C:\Users\Demon\Tools\ghidra\ghidra_12.0.4_PUBLIC\Ghidra\Features\Jython\ghidra_scripts
    C:\Users\Demon\Tools\ghidra\ghidra_12.0.4_PUBLIC\Ghidra\Debug\Debugger\ghidra_scripts
    C:\Users\Demon\Tools\ghidra\ghidra_12.0.4_PUBLIC\Ghidra\Features\PDB\ghidra_scripts
    C:\Users\Demon\Tools\ghidra\ghidra_12.0.4_PUBLIC\Ghidra\Processors\Atmel\ghidra_scripts (HeadlessAnalyzer)  
INFO  HEADLESS: execution starts (HeadlessAnalyzer)  
INFO  Opening existing project: C:\Users\Demon\AppData\Local\Temp\opennxt-ghidra-clones\rs2client-headless-unlocked-sender-opcode-0-rwupdk3s\rs2client-headless-unlocked (HeadlessAnalyzer)  
INFO  Opening project: C:\Users\Demon\AppData\Local\Temp\opennxt-ghidra-clones\rs2client-headless-unlocked-sender-opcode-0-rwupdk3s\rs2client-headless-unlocked (HeadlessProject)  
INFO  REPORT: Processing project file: /rs2client.exe (HeadlessAnalyzer)  
INFO  REPORT: Execute script: DumpCallRefsForTarget.java '14014dba0'  (HeadlessAnalyzer)  
INFO  SCRIPT: C:\Users\Demon\Documents\New project\ghidra-scripts\DumpCallRefsForTarget.java (HeadlessAnalyzer)  
INFO  REPORT: Save succeeded for processed file: /rs2client.exe (HeadlessAnalyzer)  
