INFO  Using log config file: jar:file:/C:/Users/Demon/Tools/ghidra/ghidra_12.0.4_PUBLIC/Ghidra/Framework/Generic/lib/Generic.jar!/generic.log4j.xml (LoggingInitialization)  
INFO  Using log file: C:\Users\Demon\AppData\Roaming\ghidra\ghidra_12.0.4_PUBLIC\application.log (LoggingInitialization)  
INFO  Loading user preferences: C:\Users\Demon\AppData\Roaming\ghidra\ghidra_12.0.4_PUBLIC\preferences (Preferences)  
INFO  Searching for classes... (ClassSearcher)  
INFO  Class search complete (757 ms) (ClassSearcher)  
INFO  Initializing SSL Context (DefaultSSLContextInitializer)  
INFO  Initializing Random Number Generator... (SecureRandomFactory)  
INFO  Random Number Generator initialization complete: SHA1PRNG (SecureRandomFactory)  
INFO  Trust manager disabled, cacerts have not been set (DefaultTrustManagerFactory)  
INFO  Headless startup complete (2153 ms) (AnalyzeHeadless)  
INFO  Class searcher loaded 58 extension points (18 false positives) (ClassSearcher)  
INFO  HEADLESS Script Paths:
    C:\Users\Demon\Documents\New project\ghidra-scripts
    C:\Users\Demon\Tools\ghidra\ghidra_12.0.4_PUBLIC\Ghidra\Processors\JVM\ghidra_scripts
    C:\Users\Demon\Tools\ghidra\ghidra_12.0.4_PUBLIC\Ghidra\Features\Base\ghidra_scripts
    C:\Users\Demon\Tools\ghidra\ghidra_12.0.4_PUBLIC\Ghidra\Features\SystemEmulation\ghidra_scripts
    C:\Users\Demon\Tools\ghidra\ghidra_12.0.4_PUBLIC\Ghidra\Features\BSim\ghidra_scripts
    C:\Users\Demon\Tools\ghidra\ghidra_12.0.4_PUBLIC\Ghidra\Features\SwiftDemangler\ghidra_scripts
    C:\Users\Demon\Tools\ghidra\ghidra_12.0.4_PUBLIC\Ghidra\Features\VersionTracking\ghidra_scripts
    C:\Users\Demon\Tools\ghidra\ghidra_12.0.4_PUBLIC\Ghidra\Processors\PIC\ghidra_scripts
    C:\Users\Demon\Tools\ghidra\ghidra_12.0.4_PUBLIC\Ghidra\Features\GnuDemangler\ghidra_scripts
    C:\Users\Demon\Tools\ghidra\ghidra_12.0.4_PUBLIC\Ghidra\Features\FileFormats\ghidra_scripts
    C:\Users\Demon\Tools\ghidra\ghidra_12.0.4_PUBLIC\Ghidra\Features\FunctionID\ghidra_scripts
    C:\Users\Demon\Tools\ghidra\ghidra_12.0.4_PUBLIC\Ghidra\Processors\8051\ghidra_scripts
    C:\Users\Demon\Tools\ghidra\ghidra_12.0.4_PUBLIC\Ghidra\Features\PyGhidra\ghidra_scripts
    C:\Users\Demon\Tools\ghidra\ghidra_12.0.4_PUBLIC\Ghidra\Features\WildcardAssembler\ghidra_scripts
    C:\Users\Demon\Tools\ghidra\ghidra_12.0.4_PUBLIC\Ghidra\Debug\Debugger-rmi-trace\ghidra_scripts
    C:\Users\Demon\Tools\ghidra\ghidra_12.0.4_PUBLIC\Ghidra\Features\BytePatterns\ghidra_scripts
    C:\Users\Demon\Tools\ghidra\ghidra_12.0.4_PUBLIC\Ghidra\Processors\DATA\ghidra_scripts
    C:\Users\Demon\Tools\ghidra\ghidra_12.0.4_PUBLIC\Ghidra\Features\Decompiler\ghidra_scripts
    C:\Users\Demon\Tools\ghidra\ghidra_12.0.4_PUBLIC\Ghidra\Features\MicrosoftCodeAnalyzer\ghidra_scripts
    C:\Users\Demon\Tools\ghidra\ghidra_12.0.4_PUBLIC\Ghidra\Features\DecompilerDependent\ghidra_scripts
    C:\Users\Demon\Tools\ghidra\ghidra_12.0.4_PUBLIC\Ghidra\Features\Jython\ghidra_scripts
    C:\Users\Demon\Tools\ghidra\ghidra_12.0.4_PUBLIC\Ghidra\Debug\Debugger\ghidra_scripts
    C:\Users\Demon\Tools\ghidra\ghidra_12.0.4_PUBLIC\Ghidra\Features\PDB\ghidra_scripts
    C:\Users\Demon\Tools\ghidra\ghidra_12.0.4_PUBLIC\Ghidra\Processors\Atmel\ghidra_scripts (HeadlessAnalyzer)  
INFO  HEADLESS: execution starts (HeadlessAnalyzer)  
INFO  Opening existing project: C:\Users\Demon\Documents\New project\ghidra-projects\OpenNXT946Scratch2\OpenNXT946Scratch2 (HeadlessAnalyzer)  
INFO  Opening project: C:\Users\Demon\Documents\New project\ghidra-projects\OpenNXT946Scratch2\OpenNXT946Scratch2 (HeadlessProject)  
INFO  REPORT: Processing project file: /rs2client.exe (HeadlessAnalyzer)  
INFO  REPORT: Execute script: DumpCallRefsForTarget.java '140301100'  (HeadlessAnalyzer)  
INFO  SCRIPT: C:\Users\Demon\Documents\New project\ghidra-scripts\DumpCallRefsForTarget.java (HeadlessAnalyzer)  
INFO  14000ae8d,140ebf770,0,-2,UNCONDITIONAL_CALL,null,XOR EDX,EDX,LEA R8D,[RDX + -0x2] (GhidraScript)  
INFO  14000aeb0,140ebf780,1,9,UNCONDITIONAL_CALL,null,MOV EDX,0x1,LEA R8D,[RDX + 0x8] (GhidraScript)  
INFO  14000aed0,140ebf790,2,6,UNCONDITIONAL_CALL,null,MOV EDX,0x2,LEA R8D,[RDX + 0x4] (GhidraScript)  
INFO  14000aef0,140ebf7a0,3,-2,UNCONDITIONAL_CALL,null,MOV EDX,0x3,LEA R8D,[RDX + -0x5] (GhidraScript)  
INFO  14000af10,140ebf7b0,4,-1,UNCONDITIONAL_CALL,null,MOV EDX,0x4,LEA R8D,[RDX + -0x5] (GhidraScript)  
INFO  14000af30,140ebf7c0,5,15,UNCONDITIONAL_CALL,null,MOV EDX,0x5,LEA R8D,[RDX + 0xa] (GhidraScript)  
INFO  14000af50,140ebf7d0,6,3,UNCONDITIONAL_CALL,null,MOV EDX,0x6,LEA R8D,[RDX + -0x3] (GhidraScript)  
INFO  14000af70,140ebf7e0,7,-2,UNCONDITIONAL_CALL,null,MOV EDX,0x7,LEA R8D,[RDX + -0x9] (GhidraScript)  
INFO  14000af90,140ebf7f0,8,4,UNCONDITIONAL_CALL,null,MOV EDX,0x8,LEA R8D,[RDX + -0x4] (GhidraScript)  
INFO  14000afb0,140ebf800,9,3,UNCONDITIONAL_CALL,null,MOV EDX,0x9,LEA R8D,[RDX + -0x6] (GhidraScript)  
INFO  14000afd0,140ebf810,10,-2,UNCONDITIONAL_CALL,null,MOV EDX,0xa,LEA R8D,[RDX + -0xc] (GhidraScript)  
INFO  14000aff0,140ebf820,11,4,UNCONDITIONAL_CALL,null,MOV EDX,0xb,LEA R8D,[RDX + -0x7] (GhidraScript)  
INFO  14000b010,140ebf830,12,16,UNCONDITIONAL_CALL,null,MOV EDX,0xc,LEA R8D,[RDX + 0x4] (GhidraScript)  
INFO  14000b030,140ebf840,13,2,UNCONDITIONAL_CALL,null,MOV EDX,0xd,LEA R8D,[RDX + -0xb] (GhidraScript)  
INFO  14000b050,140ebf850,14,3,UNCONDITIONAL_CALL,null,MOV EDX,0xe,LEA R8D,[RDX + -0xb] (GhidraScript)  
INFO  14000b06e,140ebf860,15,0,UNCONDITIONAL_CALL,null,LEA EDX,[R8 + 0xf],XOR R8D,R8D (GhidraScript)  
INFO  14000b090,140ebf870,16,11,UNCONDITIONAL_CALL,null,MOV EDX,0x10,LEA R8D,[RDX + -0x5] (GhidraScript)  
INFO  14000b0b0,140ebf880,17,-1,UNCONDITIONAL_CALL,null,MOV EDX,0x11,LEA R8D,[RDX + -0x12] (GhidraScript)  
INFO  14000b0d0,140ebf890,18,8,UNCONDITIONAL_CALL,null,MOV EDX,0x12,LEA R8D,[RDX + -0xa] (GhidraScript)  
INFO  14000b0f0,140ebf8a0,19,3,UNCONDITIONAL_CALL,null,MOV EDX,0x13,LEA R8D,[RDX + -0x10] (GhidraScript)  
INFO  14000b110,140ebf8b0,20,3,UNCONDITIONAL_CALL,null,MOV EDX,0x14,LEA R8D,[RDX + -0x11] (GhidraScript)  
INFO  14000b12e,140ebf8c0,21,0,UNCONDITIONAL_CALL,null,LEA EDX,[R8 + 0x15],XOR R8D,R8D (GhidraScript)  
INFO  14000b150,140ebf8d0,22,1,UNCONDITIONAL_CALL,null,MOV EDX,0x16,LEA R8D,[RDX + -0x15] (GhidraScript)  
INFO  14000b170,140ebf8e0,23,7,UNCONDITIONAL_CALL,null,MOV EDX,0x17,LEA R8D,[RDX + -0x10] (GhidraScript)  
INFO  14000b190,140ebf8f0,24,-1,UNCONDITIONAL_CALL,null,MOV EDX,0x18,LEA R8D,[RDX + -0x19] (GhidraScript)  
INFO  14000b1b0,140ebf900,25,7,UNCONDITIONAL_CALL,null,MOV EDX,0x19,LEA R8D,[RDX + -0x12] (GhidraScript)  
INFO  14000b1d0,140ebf910,26,7,UNCONDITIONAL_CALL,null,MOV EDX,0x1a,LEA R8D,[RDX + -0x13] (GhidraScript)  
INFO  14000b1f0,140ebf920,27,12,UNCONDITIONAL_CALL,null,MOV EDX,0x1b,LEA R8D,[RDX + -0xf] (GhidraScript)  
INFO  14000b210,140ebf930,28,-1,UNCONDITIONAL_CALL,null,MOV EDX,0x1c,LEA R8D,[RDX + -0x1d] (GhidraScript)  
INFO  14000b230,140ebf940,29,-1,UNCONDITIONAL_CALL,null,MOV EDX,0x1d,LEA R8D,[RDX + -0x1e] (GhidraScript)  
INFO  14000b250,140ebf950,30,3,UNCONDITIONAL_CALL,null,MOV EDX,0x1e,LEA R8D,[RDX + -0x1b] (GhidraScript)  
INFO  14000b270,140ebf960,31,-2,UNCONDITIONAL_CALL,null,MOV EDX,0x1f,LEA R8D,[RDX + -0x21] (GhidraScript)  
INFO  14000b290,140ebf970,32,-1,UNCONDITIONAL_CALL,null,MOV EDX,0x20,LEA R8D,[RDX + -0x21] (GhidraScript)  
INFO  14000b2b0,140ebf980,33,5,UNCONDITIONAL_CALL,null,MOV EDX,0x21,LEA R8D,[RDX + -0x1c] (GhidraScript)  
INFO  14000b2ce,140ebf990,34,0,UNCONDITIONAL_CALL,null,LEA EDX,[R8 + 0x22],XOR R8D,R8D (GhidraScript)  
INFO  14000b2f0,140ebf9a0,35,3,UNCONDITIONAL_CALL,null,MOV EDX,0x23,LEA R8D,[RDX + -0x20] (GhidraScript)  
INFO  14000b310,140ebf9b0,36,3,UNCONDITIONAL_CALL,null,MOV EDX,0x24,LEA R8D,[RDX + -0x21] (GhidraScript)  
INFO  14000b330,140ebf9c0,37,15,UNCONDITIONAL_CALL,null,MOV EDX,0x25,LEA R8D,[RDX + -0x16] (GhidraScript)  
INFO  14000b350,140ebf9d0,38,9,UNCONDITIONAL_CALL,null,MOV EDX,0x26,LEA R8D,[RDX + -0x1d] (GhidraScript)  
INFO  14000b370,140ebf9e0,39,-1,UNCONDITIONAL_CALL,null,MOV EDX,0x27,LEA R8D,[RDX + -0x28] (GhidraScript)  
INFO  14000b390,140ebf9f0,40,9,UNCONDITIONAL_CALL,null,MOV EDX,0x28,LEA R8D,[RDX + -0x1f] (GhidraScript)  
INFO  14000b3ae,140ebfa00,41,0,UNCONDITIONAL_CALL,null,LEA EDX,[R8 + 0x29],XOR R8D,R8D (GhidraScript)  
INFO  14000b3d0,140ebfa10,42,3,UNCONDITIONAL_CALL,null,MOV EDX,0x2a,LEA R8D,[RDX + -0x27] (GhidraScript)  
INFO  14000b3f0,140ebfa20,43,9,UNCONDITIONAL_CALL,null,MOV EDX,0x2b,LEA R8D,[RDX + -0x22] (GhidraScript)  
INFO  14000b410,140ebfa30,44,-2,UNCONDITIONAL_CALL,null,MOV EDX,0x2c,LEA R8D,[RDX + -0x2e] (GhidraScript)  
INFO  14000b430,140ebfa40,45,-2,UNCONDITIONAL_CALL,null,MOV EDX,0x2d,LEA R8D,[RDX + -0x2f] (GhidraScript)  
INFO  14000b450,140ebfa50,46,3,UNCONDITIONAL_CALL,null,MOV EDX,0x2e,LEA R8D,[RDX + -0x2b] (GhidraScript)  
INFO  14000b470,140ebfa60,47,8,UNCONDITIONAL_CALL,null,MOV EDX,0x2f,LEA R8D,[RDX + -0x27] (GhidraScript)  
INFO  14000b490,140ebfa70,48,-1,UNCONDITIONAL_CALL,null,MOV EDX,0x30,LEA R8D,[RDX + -0x31] (GhidraScript)  
INFO  14000b4b0,140ebfa80,49,-2,UNCONDITIONAL_CALL,null,MOV EDX,0x31,LEA R8D,[RDX + -0x33] (GhidraScript)  
INFO  14000b4d0,140ebfa90,50,4,UNCONDITIONAL_CALL,null,MOV EDX,0x32,LEA R8D,[RDX + -0x2e] (GhidraScript)  
INFO  14000b4f0,140ebfaa0,51,4,UNCONDITIONAL_CALL,null,MOV EDX,0x33,LEA R8D,[RDX + -0x2f] (GhidraScript)  
INFO  14000b510,140ebfab0,52,-2,UNCONDITIONAL_CALL,null,MOV EDX,0x34,LEA R8D,[RDX + -0x36] (GhidraScript)  
INFO  14000b530,140ebfac0,53,9,UNCONDITIONAL_CALL,null,MOV EDX,0x35,LEA R8D,[RDX + -0x2c] (GhidraScript)  
INFO  14000b550,140ebfad0,54,8,UNCONDITIONAL_CALL,null,MOV EDX,0x36,LEA R8D,[RDX + -0x2e] (GhidraScript)  
INFO  14000b570,140ebfae0,55,1,UNCONDITIONAL_CALL,null,MOV EDX,0x37,LEA R8D,[RDX + -0x36] (GhidraScript)  
INFO  14000b590,140ebfaf0,56,-1,UNCONDITIONAL_CALL,null,MOV EDX,0x38,LEA R8D,[RDX + -0x39] (GhidraScript)  
INFO  14000b5b0,140ebfb00,57,9,UNCONDITIONAL_CALL,null,MOV EDX,0x39,LEA R8D,[RDX + -0x30] (GhidraScript)  
INFO  14000b5d0,140ebfb10,58,17,UNCONDITIONAL_CALL,null,MOV EDX,0x3a,LEA R8D,[RDX + -0x29] (GhidraScript)  
INFO  14000b5f0,140ebfb20,59,3,UNCONDITIONAL_CALL,null,MOV EDX,0x3b,LEA R8D,[RDX + -0x38] (GhidraScript)  
INFO  14000b610,140ebfb30,60,3,UNCONDITIONAL_CALL,null,MOV EDX,0x3c,LEA R8D,[RDX + -0x39] (GhidraScript)  
INFO  14000b630,140ebfb40,61,8,UNCONDITIONAL_CALL,null,MOV EDX,0x3d,LEA R8D,[RDX + -0x35] (GhidraScript)  
INFO  14000b650,140ebfb50,62,-1,UNCONDITIONAL_CALL,null,MOV EDX,0x3e,LEA R8D,[RDX + -0x3f] (GhidraScript)  
INFO  14000b670,140ebfb60,63,8,UNCONDITIONAL_CALL,null,MOV EDX,0x3f,LEA R8D,[RDX + -0x37] (GhidraScript)  
INFO  14000b690,140ebfb70,64,8,UNCONDITIONAL_CALL,null,MOV EDX,0x40,LEA R8D,[RDX + -0x38] (GhidraScript)  
INFO  14000b6b0,140ebfb80,65,4,UNCONDITIONAL_CALL,null,MOV EDX,0x41,LEA R8D,[RDX + -0x3d] (GhidraScript)  
INFO  14000b6d0,140ebfb90,66,4,UNCONDITIONAL_CALL,null,MOV EDX,0x42,LEA R8D,[RDX + -0x3e] (GhidraScript)  
INFO  14000b6f0,140ebfba0,67,-1,UNCONDITIONAL_CALL,null,MOV EDX,0x43,LEA R8D,[RDX + -0x44] (GhidraScript)  
INFO  14000b710,140ebfbb0,68,9,UNCONDITIONAL_CALL,null,MOV EDX,0x44,LEA R8D,[RDX + -0x3b] (GhidraScript)  
INFO  14000b730,140ebfbc0,69,3,UNCONDITIONAL_CALL,null,MOV EDX,0x45,LEA R8D,[RDX + -0x42] (GhidraScript)  
INFO  14000b750,140ebfbd0,70,4,UNCONDITIONAL_CALL,null,MOV EDX,0x46,LEA R8D,[RDX + -0x42] (GhidraScript)  
INFO  14000b770,140ebfbe0,71,-1,UNCONDITIONAL_CALL,null,MOV EDX,0x47,LEA R8D,[RDX + -0x48] (GhidraScript)  
INFO  14000b790,140ebfbf0,72,1,UNCONDITIONAL_CALL,null,MOV EDX,0x48,LEA R8D,[RDX + -0x47] (GhidraScript)  
INFO  14000b7b0,140ebfc00,73,18,UNCONDITIONAL_CALL,null,MOV EDX,0x49,LEA R8D,[RDX + -0x37] (GhidraScript)  
INFO  14000b7d0,140ebfc10,74,-2,UNCONDITIONAL_CALL,null,MOV EDX,0x4a,LEA R8D,[RDX + -0x4c] (GhidraScript)  
INFO  14000b7f0,140ebfc20,75,-2,UNCONDITIONAL_CALL,null,MOV EDX,0x4b,LEA R8D,[RDX + -0x4d] (GhidraScript)  
INFO  14000b810,140ebfc30,76,2,UNCONDITIONAL_CALL,null,MOV EDX,0x4c,LEA R8D,[RDX + -0x4a] (GhidraScript)  
INFO  14000b830,140ebfc40,77,7,UNCONDITIONAL_CALL,null,MOV EDX,0x4d,LEA R8D,[RDX + -0x46] (GhidraScript)  
INFO  14000b850,140ebfc50,78,-1,UNCONDITIONAL_CALL,null,MOV EDX,0x4e,LEA R8D,[RDX + -0x4f] (GhidraScript)  
INFO  14000b870,140ebfc60,79,1,UNCONDITIONAL_CALL,null,MOV EDX,0x4f,LEA R8D,[RDX + -0x4e] (GhidraScript)  
INFO  14000b88e,140ebfc70,80,0,UNCONDITIONAL_CALL,null,LEA EDX,[R8 + 0x50],XOR R8D,R8D (GhidraScript)  
INFO  14000b8b0,140ebfc80,81,-1,UNCONDITIONAL_CALL,null,MOV EDX,0x51,LEA R8D,[RDX + -0x52] (GhidraScript)  
INFO  14000b8d0,140ebfc90,82,3,UNCONDITIONAL_CALL,null,MOV EDX,0x52,LEA R8D,[RDX + -0x4f] (GhidraScript)  
INFO  14000b8f0,140ebfca0,83,1,UNCONDITIONAL_CALL,null,MOV EDX,0x53,LEA R8D,[RDX + -0x52] (GhidraScript)  
INFO  14000b910,140ebfcb0,84,-1,UNCONDITIONAL_CALL,null,MOV EDX,0x54,LEA R8D,[RDX + -0x55] (GhidraScript)  
INFO  14000b930,140ebfcc0,85,7,UNCONDITIONAL_CALL,null,MOV EDX,0x55,LEA R8D,[RDX + -0x4e] (GhidraScript)  
INFO  14000b950,140ebfcd0,86,-1,UNCONDITIONAL_CALL,null,MOV EDX,0x56,LEA R8D,[RDX + -0x57] (GhidraScript)  
INFO  14000b96e,140ebfce0,87,0,UNCONDITIONAL_CALL,null,LEA EDX,[R8 + 0x57],XOR R8D,R8D (GhidraScript)  
INFO  14000b990,140ebfcf0,88,2,UNCONDITIONAL_CALL,null,MOV EDX,0x58,LEA R8D,[RDX + -0x56] (GhidraScript)  
INFO  14000b9b0,140ebfd00,89,5,UNCONDITIONAL_CALL,null,MOV EDX,0x59,LEA R8D,[RDX + -0x54] (GhidraScript)  
INFO  14000b9d0,140ebfd10,90,7,UNCONDITIONAL_CALL,null,MOV EDX,0x5a,LEA R8D,[RDX + -0x53] (GhidraScript)  
INFO  14000b9f0,140ebfd20,91,3,UNCONDITIONAL_CALL,null,MOV EDX,0x5b,LEA R8D,[RDX + -0x58] (GhidraScript)  
INFO  14000ba10,140ebfd30,92,18,UNCONDITIONAL_CALL,null,MOV EDX,0x5c,LEA R8D,[RDX + -0x4a] (GhidraScript)  
INFO  14000ba30,140ebfd40,93,-1,UNCONDITIONAL_CALL,null,MOV EDX,0x5d,LEA R8D,[RDX + -0x5e] (GhidraScript)  
INFO  14000ba50,140ebfd50,94,-1,UNCONDITIONAL_CALL,null,MOV EDX,0x5e,LEA R8D,[RDX + -0x5f] (GhidraScript)  
INFO  14000ba70,140ebfd60,95,4,UNCONDITIONAL_CALL,null,MOV EDX,0x5f,LEA R8D,[RDX + -0x5b] (GhidraScript)  
INFO  14000ba90,140ebfd70,96,3,UNCONDITIONAL_CALL,null,MOV EDX,0x60,LEA R8D,[RDX + -0x5d] (GhidraScript)  
INFO  14000bab0,140ebfd80,97,8,UNCONDITIONAL_CALL,null,MOV EDX,0x61,LEA R8D,[RDX + -0x59] (GhidraScript)  
INFO  14000bad0,140ebfd90,98,-1,UNCONDITIONAL_CALL,null,MOV EDX,0x62,LEA R8D,[RDX + -0x63] (GhidraScript)  
INFO  14000baf0,140ebfda0,99,2,UNCONDITIONAL_CALL,null,MOV EDX,0x63,LEA R8D,[RDX + -0x61] (GhidraScript)  
INFO  14000bb10,140ebfdb0,100,4,UNCONDITIONAL_CALL,null,MOV EDX,0x64,LEA R8D,[RDX + -0x60] (GhidraScript)  
INFO  14000bb30,140ebfdc0,101,9,UNCONDITIONAL_CALL,null,MOV EDX,0x65,LEA R8D,[RDX + -0x5c] (GhidraScript)  
INFO  14000bb50,140ebfdd0,102,-2,UNCONDITIONAL_CALL,null,MOV EDX,0x66,LEA R8D,[RDX + -0x68] (GhidraScript)  
INFO  14000bb70,140ebfde0,103,7,UNCONDITIONAL_CALL,null,MOV EDX,0x67,LEA R8D,[RDX + -0x60] (GhidraScript)  
INFO  14000bb90,140ebfdf0,104,-1,UNCONDITIONAL_CALL,null,MOV EDX,0x68,LEA R8D,[RDX + -0x69] (GhidraScript)  
INFO  14000bbb0,140ebfe00,105,11,UNCONDITIONAL_CALL,null,MOV EDX,0x69,LEA R8D,[RDX + -0x5e] (GhidraScript)  
INFO  14000bbd0,140ebfe10,106,6,UNCONDITIONAL_CALL,null,MOV EDX,0x6a,LEA R8D,[RDX + -0x64] (GhidraScript)  
INFO  14000bbf0,140ebfe20,107,-1,UNCONDITIONAL_CALL,null,MOV EDX,0x6b,LEA R8D,[RDX + -0x6c] (GhidraScript)  
INFO  14000bc10,140ebfe30,108,-2,UNCONDITIONAL_CALL,null,MOV EDX,0x6c,LEA R8D,[RDX + -0x6e] (GhidraScript)  
INFO  14000bc30,140ebfe40,109,-1,UNCONDITIONAL_CALL,null,MOV EDX,0x6d,LEA R8D,[RDX + -0x6e] (GhidraScript)  
INFO  14000bc50,140ebfe50,110,4,UNCONDITIONAL_CALL,null,MOV EDX,0x6e,LEA R8D,[RDX + -0x6a] (GhidraScript)  
INFO  14000bc70,140ebfe60,111,9,UNCONDITIONAL_CALL,null,MOV EDX,0x6f,LEA R8D,[RDX + -0x66] (GhidraScript)  
INFO  14000bc90,140ebfe70,112,-1,UNCONDITIONAL_CALL,null,MOV EDX,0x70,LEA R8D,[RDX + -0x71] (GhidraScript)  
INFO  14000bcb0,140ebfe80,113,4,UNCONDITIONAL_CALL,null,MOV EDX,0x71,LEA R8D,[RDX + -0x6d] (GhidraScript)  
INFO  14000bcd0,140ebfe90,114,22,UNCONDITIONAL_CALL,null,MOV EDX,0x72,LEA R8D,[RDX + -0x5c] (GhidraScript)  
INFO  14000bcf0,140ebfea0,115,3,UNCONDITIONAL_CALL,null,MOV EDX,0x73,LEA R8D,[RDX + -0x70] (GhidraScript)  
INFO  14000bd10,140ebfeb0,116,-1,UNCONDITIONAL_CALL,null,MOV EDX,0x74,LEA R8D,[RDX + -0x75] (GhidraScript)  
INFO  14000bd30,140ebfec0,117,6,UNCONDITIONAL_CALL,null,MOV EDX,0x75,LEA R8D,[RDX + -0x6f] (GhidraScript)  
INFO  14000bd50,140ebfed0,118,8,UNCONDITIONAL_CALL,null,MOV EDX,0x76,LEA R8D,[RDX + -0x6e] (GhidraScript)  
INFO  14000bd70,140ebfee0,119,-1,UNCONDITIONAL_CALL,null,MOV EDX,0x77,LEA R8D,[RDX + -0x78] (GhidraScript)  
INFO  14000bd90,140ebfef0,120,11,UNCONDITIONAL_CALL,null,MOV EDX,0x78,LEA R8D,[RDX + -0x6d] (GhidraScript)  
INFO  14000bdb0,140ebff00,121,-1,UNCONDITIONAL_CALL,null,MOV EDX,0x79,LEA R8D,[RDX + -0x7a] (GhidraScript)  
INFO  14000bdd0,140ebff10,122,16,UNCONDITIONAL_CALL,null,MOV EDX,0x7a,LEA R8D,[RDX + -0x6a] (GhidraScript)  
INFO  14000bdf0,140ebff20,123,1,UNCONDITIONAL_CALL,null,MOV EDX,0x7b,LEA R8D,[RDX + -0x7a] (GhidraScript)  
INFO  14000be10,140ebff30,124,8,UNCONDITIONAL_CALL,null,MOV EDX,0x7c,LEA R8D,[RDX + -0x74] (GhidraScript)  
INFO  14000be30,140ebff40,125,3,UNCONDITIONAL_CALL,null,MOV EDX,0x7d,LEA R8D,[RDX + -0x7a] (GhidraScript)  
INFO  14000be50,140ebff50,126,-1,UNCONDITIONAL_CALL,null,MOV EDX,0x7e,LEA R8D,[RDX + -0x7f] (GhidraScript)  
INFO  14000be70,140ebff60,127,-1,UNCONDITIONAL_CALL,null,MOV EDX,0x7f,LEA R8D,[RDX + -0x80] (GhidraScript)  
INFO  14000be90,140ebff70,128,8,UNCONDITIONAL_CALL,null,MOV EDX,0x80,LEA R8D,[RDX + -0x78] (GhidraScript)  
INFO  14000beb0,140ebff80,129,8,UNCONDITIONAL_CALL,null,MOV EDX,0x81,LEA R8D,[RDX + -0x79] (GhidraScript)  
INFO  REPORT: Save succeeded for processed file: /rs2client.exe (HeadlessAnalyzer)  
